{"time": "2025-10-22T21:05:52+0200", "event": "embed", "image_in": "C:/Users/Ziza/Desktop/Steganografija/output/stego_enc.png", "image_out": "users\\milan\\stego_stego_enc.png", "bytes_embedded": 140, "algorithm": "PVD"}
{"time": "2025-10-22T21:08:24+0200", "event": "embed", "image_in": "C:/Users/Ziza/Desktop/Steganografija/output/stego_wallhaven-9djgpk.png", "image_out": "users\\milan\\stego_stego_wallhaven-9djgpk.png", "bytes_embedded": 140, "algorithm": "PVD"}
{"time": "2025-10-22T21:08:33+0200", "event": "extract", "image": "users\\ana\\received\\recv_stego_stego_wallhaven-9djgpk.png", "bytes_extracted": 6, "metadata": {"sender_id": "milan", "stego_algorithm": "PVD", "crypto": "NONE", "original_filename": "msg.txt", "payload_size": 6}}
{"time": "2025-10-27T20:15:14+0100", "event": "embed", "algorithm": "DCT", "image_in": "C:/Users/Ziza/Desktop/Steganografija/output/stego_wallhaven-9djgpk.png", "image_out": "users\\ana\\stego_stego_wallhaven-9djgpk.png", "bytes_embedded": 174}
{"time": "2025-10-27T20:24:45+0100", "event": "embed", "algorithm": "DCT", "image_in": "C:/Users/Ziza/Desktop/Steganografija/output/stego_enc.png", "image_out": "users\\ana\\stego_stego_enc.png", "bytes_embedded": 255}
{"time": "2025-10-27T20:38:33+0100", "event": "embed", "algorithm": "DCT", "image_in": "C:/Users/Ziza/Desktop/Steganografija/output/stego_wallhaven-9djgpk.png", "image_out": "users\\ana\\stego_stego_wallhaven-9djgpk.png", "bytes_embedded": 174}
{"time": "2025-11-01T10:57:56+0100", "event": "embed", "alg": "DCT", "image_in": "C:/Users/Ziza/Desktop/Steganografija/output/stego_enc.png", "image_out": "users\\ana\\DCTstego_enc.png", "bits_embedded": 2040}
{"time": "2025-11-01T11:04:58+0100", "event": "embed_dct", "image_in": "C:/Users/Ziza/Desktop/Steganografija/output/stego_wallhaven-9djgpk.png", "image_out": "users\\ana\\DCTstego_wallhaven-9djgpk.png", "bytes_embedded": 194}
{"time": "2025-11-01T11:05:45+0100", "event": "embed_lsb", "image_in": "C:/Users/Ziza/Desktop/Steganografija/output/stego_enc.png", "image_out": "users\\milan\\PVDstego_enc.png", "bytes_embedded": 196}
{"time": "2025-11-01T11:05:57+0100", "event": "extract_lsb", "image": "users\\ana\\received\\recv_PVDstego_enc.png", "bytes_extracted": 41, "metadata": {"sender_id": "milan", "algorithm": "PVD", "original_filename": "msg.txt", "payload_size": 41, "stego_algorithm": "PVD", "crypto": "NONE"}}
{"time": "2025-11-01T11:06:39+0100", "event": "extract_lsb", "image": "users\\ana\\received\\recv_PVDstego_enc.png", "bytes_extracted": 41, "metadata": {"sender_id": "milan", "algorithm": "PVD", "original_filename": "msg.txt", "payload_size": 41, "stego_algorithm": "PVD", "crypto": "NONE"}}
{"time": "2025-11-01T11:09:28+0100", "event": "embed_lsb", "image_in": "C:/Users/Ziza/Desktop/mitchell-griest-IR3uP_nEoFk-unsplaserh.png", "image_out": "users\\ana\\LSBmitchell-griest-IR3uP_nEoFk-unsplaserh.png", "bytes_embedded": 190}
{"time": "2025-11-01T11:09:36+0100", "event": "extract_lsb", "image": "users\\milan\\received\\recv_LSBmitchell-griest-IR3uP_nEoFk-unsplaserh.png", "bytes_extracted": 37, "metadata": {"sender_id": "ana", "algorithm": "LSB", "original_filename": "msg.txt", "payload_size": 37, "stego_algorithm": "LSB", "crypto": "NONE"}}
{"time": "2025-11-01T11:10:51+0100", "event": "extract_lsb", "image": "users\\milan\\received\\recv_LSBmitchell-griest-IR3uP_nEoFk-unsplaserh.png", "bytes_extracted": 37, "metadata": {"sender_id": "ana", "algorithm": "LSB", "original_filename": "msg.txt", "payload_size": 37, "stego_algorithm": "LSB", "crypto": "NONE"}}
{"time": "2025-11-01T11:37:14+0100", "event": "embed_dct", "image_in": "D:/Milan/Faks/Master/Digitalna forenzika/Steganografija/examples/sample.png", "image_out": "users\\milan\\DCTsample.png", "bytes_embedded": 192}
{"time": "2025-11-01T11:38:11+0100", "event": "embed_lsb", "image_in": "D:/Milan/Faks/Master/Digitalna forenzika/Steganografija/examples/sample.png", "image_out": "users\\ana\\PVDsample.png", "bytes_embedded": 190}
{"time": "2025-11-01T11:38:23+0100", "event": "extract_lsb", "image": "users\\milan\\received\\recv_PVDsample.png", "bytes_extracted": 37, "metadata": {"sender_id": "ana", "algorithm": "PVD", "original_filename": "msg.txt", "payload_size": 37, "stego_algorithm": "PVD", "crypto": "NONE"}}
{"time": "2025-11-01T11:38:46+0100", "event": "extract_lsb", "image": "users\\milan\\received\\recv_PVDsample.png", "bytes_extracted": 37, "metadata": {"sender_id": "ana", "algorithm": "PVD", "original_filename": "msg.txt", "payload_size": 37, "stego_algorithm": "PVD", "crypto": "NONE"}}
{"time": "2025-11-01T11:39:25+0100", "event": "embed_lsb", "image_in": "D:/Milan/Faks/Master/Digitalna forenzika/Steganografija/examples/sample.png", "image_out": "users\\milan\\LSBsample.png", "bytes_embedded": 192}
{"time": "2025-11-01T11:39:39+0100", "event": "extract_lsb", "image": "users\\ana\\received\\recv_LSBsample.png", "bytes_extracted": 37, "metadata": {"sender_id": "milan", "algorithm": "LSB", "original_filename": "msg.txt", "payload_size": 37, "stego_algorithm": "LSB", "crypto": "NONE"}}
{"time": "2025-11-01T11:40:31+0100", "event": "extract_lsb", "image": "users\\ana\\received\\recv_LSBsample.png", "bytes_extracted": 37, "metadata": {"sender_id": "milan", "algorithm": "LSB", "original_filename": "msg.txt", "payload_size": 37, "stego_algorithm": "LSB", "crypto": "NONE"}}
